<?xml version="1.0" encoding="UTF-8"?>
<testsuite name="SimpleCalculatorMainTest" tests="2" skipped="0" failures="0" errors="0" timestamp="2019-12-03T09:56:53" hostname="recruit-ThinkCentre-M73" time="0.016">
  <properties/>
  <testcase name="TestAdd()" classname="SimpleCalculatorMainTest" time="0.013"/>
  <testcase name="TestMultiply()" classname="SimpleCalculatorMainTest" time="0.001"/>
  <system-out><![CDATA[]]></system-out>
  <system-err><![CDATA[]]></system-err>
</testsuite>
